<?xml version="1.0" encoding="UTF-8"?>
<!-- Generated by org.testng.reporters.JUnitReportReporter -->
<testsuite hostname="DESKTOP-DD3GB8N" failures="0" tests="1" name="Com.TestCas.LoginStep" time="2.500" errors="0" timestamp="02 Jan 2021 18:32:18 GMT" skipped="0">
  <testcase classname="Com.TestCas.LoginStep" name="login" time="2.500"/>
</testsuite> <!-- Com.TestCas.LoginStep -->
